1554309747154	mozrunner::runner	INFO	Running command: "/Applications/Firefox.app/Contents/MacOS/firefox-bin" "-marionette" "-foreground" "-no-remote" "-profile" "/var/folders/tl/mqtm2r616c7bjwrkp8kbf9wc0000gn/T/rust_mozprofile.IxMmiyS842EN"
2019-04-03 12:42:28.337 plugin-container[13331:19711297] *** CFMessagePort: bootstrap_register(): failed 1100 (0x44c) 'Permission denied', port = 0x833b, name = 'com.apple.tsm.portname'
See /usr/include/servers/bootstrap_defs.h for the error codes.
2019-04-03 12:42:28.438 plugin-container[13331:19711297] unable to obtain configuration from file:///Library/Preferences/com.apple.ViewBridge.plist due to Error Domain=NSCocoaErrorDomain Code=257 "The file “com.apple.ViewBridge.plist” couldn’t be opened because you don’t have permission to view it." UserInfo={NSFilePath=/Library/Preferences/com.apple.ViewBridge.plist, NSUnderlyingError=0x1141d2c40 {Error Domain=NSPOSIXErrorDomain Code=1 "Operation not permitted"}}
2019-04-03 12:42:28.441 plugin-container[13331:19711307] +[NSXPCSharedListener endpointForReply:withListenerName:]: an error occurred while attempting to obtain endpoint for listener 'ClientCallsAuxiliary': Connection invalid
1554309748659	Marionette	INFO	Listening on port 54516
1554309748702	Marionette	WARN	TLS certificate errors will be ignored for this session
2019-04-03 12:42:29.339 plugin-container[13333:19711399] *** CFMessagePort: bootstrap_register(): failed 1100 (0x44c) 'Permission denied', port = 0x8807, name = 'com.apple.tsm.portname'
See /usr/include/servers/bootstrap_defs.h for the error codes.
2019-04-03 12:42:29.430 plugin-container[13333:19711399] unable to obtain configuration from file:///Library/Preferences/com.apple.ViewBridge.plist due to Error Domain=NSCocoaErrorDomain Code=257 "The file “com.apple.ViewBridge.plist” couldn’t be opened because you don’t have permission to view it." UserInfo={NSFilePath=/Library/Preferences/com.apple.ViewBridge.plist, NSUnderlyingError=0x10c5e1a90 {Error Domain=NSPOSIXErrorDomain Code=1 "Operation not permitted"}}
2019-04-03 12:42:29.432 plugin-container[13333:19711400] +[NSXPCSharedListener endpointForReply:withListenerName:]: an error occurred while attempting to obtain endpoint for listener 'ClientCallsAuxiliary': Connection invalid
console.log: Accessibility service init or shutdown observer does not exist.
*** UTM:SVC TimerManager:registerTimer called after profile-before-change notification. Ignoring timer registration for id: telemetry_modules_ping
1554309892419	mozrunner::runner	INFO	Running command: "/Applications/Firefox.app/Contents/MacOS/firefox-bin" "-marionette" "-foreground" "-no-remote" "-profile" "/var/folders/tl/mqtm2r616c7bjwrkp8kbf9wc0000gn/T/rust_mozprofile.DoIW8k2GsFO5"
2019-04-03 12:44:53.571 plugin-container[13449:19720487] *** CFMessagePort: bootstrap_register(): failed 1100 (0x44c) 'Permission denied', port = 0x733b, name = 'com.apple.tsm.portname'
See /usr/include/servers/bootstrap_defs.h for the error codes.
2019-04-03 12:44:53.676 plugin-container[13449:19720487] unable to obtain configuration from file:///Library/Preferences/com.apple.ViewBridge.plist due to Error Domain=NSCocoaErrorDomain Code=257 "The file “com.apple.ViewBridge.plist” couldn’t be opened because you don’t have permission to view it." UserInfo={NSFilePath=/Library/Preferences/com.apple.ViewBridge.plist, NSUnderlyingError=0x10b2d3c40 {Error Domain=NSPOSIXErrorDomain Code=1 "Operation not permitted"}}
2019-04-03 12:44:53.679 plugin-container[13449:19720497] +[NSXPCSharedListener endpointForReply:withListenerName:]: an error occurred while attempting to obtain endpoint for listener 'ClientCallsAuxiliary': Connection invalid
1554309893950	Marionette	INFO	Listening on port 54623
1554309893968	Marionette	WARN	TLS certificate errors will be ignored for this session
2019-04-03 12:44:54.581 plugin-container[13451:19720589] *** CFMessagePort: bootstrap_register(): failed 1100 (0x44c) 'Permission denied', port = 0x7f3b, name = 'com.apple.tsm.portname'
See /usr/include/servers/bootstrap_defs.h for the error codes.
2019-04-03 12:44:54.669 plugin-container[13451:19720589] unable to obtain configuration from file:///Library/Preferences/com.apple.ViewBridge.plist due to Error Domain=NSCocoaErrorDomain Code=257 "The file “com.apple.ViewBridge.plist” couldn’t be opened because you don’t have permission to view it." UserInfo={NSFilePath=/Library/Preferences/com.apple.ViewBridge.plist, NSUnderlyingError=0x1089e1a90 {Error Domain=NSPOSIXErrorDomain Code=1 "Operation not permitted"}}
2019-04-03 12:44:54.671 plugin-container[13451:19720597] +[NSXPCSharedListener endpointForReply:withListenerName:]: an error occurred while attempting to obtain endpoint for listener 'ClientCallsAuxiliary': Connection invalid
2019-04-03 12:46:17.734 plugin-container[13519:19725414] *** CFMessagePort: bootstrap_register(): failed 1100 (0x44c) 'Permission denied', port = 0x753b, name = 'com.apple.tsm.portname'
See /usr/include/servers/bootstrap_defs.h for the error codes.
2019-04-03 12:46:17.833 plugin-container[13519:19725414] unable to obtain configuration from file:///Library/Preferences/com.apple.ViewBridge.plist due to Error Domain=NSCocoaErrorDomain Code=257 "The file “com.apple.ViewBridge.plist” couldn’t be opened because you don’t have permission to view it." UserInfo={NSFilePath=/Library/Preferences/com.apple.ViewBridge.plist, NSUnderlyingError=0x10b3e1a90 {Error Domain=NSPOSIXErrorDomain Code=1 "Operation not permitted"}}
2019-04-03 12:46:17.836 plugin-container[13519:19725419] +[NSXPCSharedListener endpointForReply:withListenerName:]: an error occurred while attempting to obtain endpoint for listener 'ClientCallsAuxiliary': Connection invalid
1554310126556	mozrunner::runner	INFO	Running command: "/Applications/Firefox.app/Contents/MacOS/firefox-bin" "-marionette" "-foreground" "-no-remote" "-profile" "/var/folders/tl/mqtm2r616c7bjwrkp8kbf9wc0000gn/T/rust_mozprofile.pj1gEFvB8BVG"
2019-04-03 12:48:47.721 plugin-container[13713:19734824] *** CFMessagePort: bootstrap_register(): failed 1100 (0x44c) 'Permission denied', port = 0x7c43, name = 'com.apple.tsm.portname'
See /usr/include/servers/bootstrap_defs.h for the error codes.
2019-04-03 12:48:47.818 plugin-container[13713:19734824] unable to obtain configuration from file:///Library/Preferences/com.apple.ViewBridge.plist due to Error Domain=NSCocoaErrorDomain Code=257 "The file “com.apple.ViewBridge.plist” couldn’t be opened because you don’t have permission to view it." UserInfo={NSFilePath=/Library/Preferences/com.apple.ViewBridge.plist, NSUnderlyingError=0x1078d2c40 {Error Domain=NSPOSIXErrorDomain Code=1 "Operation not permitted"}}
2019-04-03 12:48:47.821 plugin-container[13713:19734834] +[NSXPCSharedListener endpointForReply:withListenerName:]: an error occurred while attempting to obtain endpoint for listener 'ClientCallsAuxiliary': Connection invalid
1554310128087	Marionette	INFO	Listening on port 54862
1554310128097	Marionette	WARN	TLS certificate errors will be ignored for this session
2019-04-03 12:48:48.670 plugin-container[13716:19734932] *** CFMessagePort: bootstrap_register(): failed 1100 (0x44c) 'Permission denied', port = 0x8907, name = 'com.apple.tsm.portname'
See /usr/include/servers/bootstrap_defs.h for the error codes.
2019-04-03 12:48:48.758 plugin-container[13716:19734932] unable to obtain configuration from file:///Library/Preferences/com.apple.ViewBridge.plist due to Error Domain=NSCocoaErrorDomain Code=257 "The file “com.apple.ViewBridge.plist” couldn’t be opened because you don’t have permission to view it." UserInfo={NSFilePath=/Library/Preferences/com.apple.ViewBridge.plist, NSUnderlyingError=0x113de1a90 {Error Domain=NSPOSIXErrorDomain Code=1 "Operation not permitted"}}
2019-04-03 12:48:48.760 plugin-container[13716:19734940] +[NSXPCSharedListener endpointForReply:withListenerName:]: an error occurred while attempting to obtain endpoint for listener 'ClientCallsAuxiliary': Connection invalid
console.log: Accessibility service init or shutdown observer does not exist.
*** UTM:SVC TimerManager:registerTimer called after profile-before-change notification. Ignoring timer registration for id: telemetry_modules_ping
1554310334119	mozrunner::runner	INFO	Running command: "/Applications/Firefox.app/Contents/MacOS/firefox-bin" "-marionette" "-foreground" "-no-remote" "-profile" "/var/folders/tl/mqtm2r616c7bjwrkp8kbf9wc0000gn/T/rust_mozprofile.0t2Y5BRysOKP"
2019-04-03 12:52:15.293 plugin-container[13856:19750364] *** CFMessagePort: bootstrap_register(): failed 1100 (0x44c) 'Permission denied', port = 0x863b, name = 'com.apple.tsm.portname'
See /usr/include/servers/bootstrap_defs.h for the error codes.
2019-04-03 12:52:15.397 plugin-container[13856:19750364] unable to obtain configuration from file:///Library/Preferences/com.apple.ViewBridge.plist due to Error Domain=NSCocoaErrorDomain Code=257 "The file “com.apple.ViewBridge.plist” couldn’t be opened because you don’t have permission to view it." UserInfo={NSFilePath=/Library/Preferences/com.apple.ViewBridge.plist, NSUnderlyingError=0x10a0d2c40 {Error Domain=NSPOSIXErrorDomain Code=1 "Operation not permitted"}}
2019-04-03 12:52:15.400 plugin-container[13856:19750367] +[NSXPCSharedListener endpointForReply:withListenerName:]: an error occurred while attempting to obtain endpoint for listener 'ClientCallsAuxiliary': Connection invalid
1554310335670	Marionette	INFO	Listening on port 54980
1554310335779	Marionette	WARN	TLS certificate errors will be ignored for this session
2019-04-03 12:52:16.225 plugin-container[13857:19750462] *** CFMessagePort: bootstrap_register(): failed 1100 (0x44c) 'Permission denied', port = 0x833b, name = 'com.apple.tsm.portname'
See /usr/include/servers/bootstrap_defs.h for the error codes.
2019-04-03 12:52:16.318 plugin-container[13857:19750462] unable to obtain configuration from file:///Library/Preferences/com.apple.ViewBridge.plist due to Error Domain=NSCocoaErrorDomain Code=257 "The file “com.apple.ViewBridge.plist” couldn’t be opened because you don’t have permission to view it." UserInfo={NSFilePath=/Library/Preferences/com.apple.ViewBridge.plist, NSUnderlyingError=0x10f0e1a90 {Error Domain=NSPOSIXErrorDomain Code=1 "Operation not permitted"}}
2019-04-03 12:52:16.320 plugin-container[13857:19750473] +[NSXPCSharedListener endpointForReply:withListenerName:]: an error occurred while attempting to obtain endpoint for listener 'ClientCallsAuxiliary': Connection invalid
1554311212558	mozrunner::runner	INFO	Running command: "/Applications/Firefox.app/Contents/MacOS/firefox-bin" "-marionette" "-foreground" "-no-remote" "-profile" "/var/folders/tl/mqtm2r616c7bjwrkp8kbf9wc0000gn/T/rust_mozprofile.CbxYdZPHZqJw"
2019-04-03 13:06:53.821 plugin-container[14386:19773455] *** CFMessagePort: bootstrap_register(): failed 1100 (0x44c) 'Permission denied', port = 0x7b3b, name = 'com.apple.tsm.portname'
See /usr/include/servers/bootstrap_defs.h for the error codes.
2019-04-03 13:06:54.011 plugin-container[14386:19773455] unable to obtain configuration from file:///Library/Preferences/com.apple.ViewBridge.plist due to Error Domain=NSCocoaErrorDomain Code=257 "The file “com.apple.ViewBridge.plist” couldn’t be opened because you don’t have permission to view it." UserInfo={NSFilePath=/Library/Preferences/com.apple.ViewBridge.plist, NSUnderlyingError=0x110ed2df0 {Error Domain=NSPOSIXErrorDomain Code=1 "Operation not permitted"}}
2019-04-03 13:06:54.014 plugin-container[14386:19773466] +[NSXPCSharedListener endpointForReply:withListenerName:]: an error occurred while attempting to obtain endpoint for listener 'ClientCallsAuxiliary': Connection invalid
1554311214145	Marionette	INFO	Listening on port 55279
1554311214228	Marionette	WARN	TLS certificate errors will be ignored for this session
2019-04-03 13:06:54.718 plugin-container[14388:19773576] *** CFMessagePort: bootstrap_register(): failed 1100 (0x44c) 'Permission denied', port = 0x863b, name = 'com.apple.tsm.portname'
See /usr/include/servers/bootstrap_defs.h for the error codes.
2019-04-03 13:06:54.814 plugin-container[14388:19773576] unable to obtain configuration from file:///Library/Preferences/com.apple.ViewBridge.plist due to Error Domain=NSCocoaErrorDomain Code=257 "The file “com.apple.ViewBridge.plist” couldn’t be opened because you don’t have permission to view it." UserInfo={NSFilePath=/Library/Preferences/com.apple.ViewBridge.plist, NSUnderlyingError=0x10e8e1a90 {Error Domain=NSPOSIXErrorDomain Code=1 "Operation not permitted"}}
2019-04-03 13:06:54.816 plugin-container[14388:19773584] +[NSXPCSharedListener endpointForReply:withListenerName:]: an error occurred while attempting to obtain endpoint for listener 'ClientCallsAuxiliary': Connection invalid
console.log: Accessibility service init or shutdown observer does not exist.
1554311425455	mozrunner::runner	INFO	Running command: "/Applications/Firefox.app/Contents/MacOS/firefox-bin" "-marionette" "-foreground" "-no-remote" "-profile" "/var/folders/tl/mqtm2r616c7bjwrkp8kbf9wc0000gn/T/rust_mozprofile.cYjDKRlxIxoB"
2019-04-03 13:10:26.619 plugin-container[14548:19783475] *** CFMessagePort: bootstrap_register(): failed 1100 (0x44c) 'Permission denied', port = 0x7b37, name = 'com.apple.tsm.portname'
See /usr/include/servers/bootstrap_defs.h for the error codes.
2019-04-03 13:10:26.717 plugin-container[14548:19783475] unable to obtain configuration from file:///Library/Preferences/com.apple.ViewBridge.plist due to Error Domain=NSCocoaErrorDomain Code=257 "The file “com.apple.ViewBridge.plist” couldn’t be opened because you don’t have permission to view it." UserInfo={NSFilePath=/Library/Preferences/com.apple.ViewBridge.plist, NSUnderlyingError=0x10b5d2c40 {Error Domain=NSPOSIXErrorDomain Code=1 "Operation not permitted"}}
2019-04-03 13:10:26.720 plugin-container[14548:19783485] +[NSXPCSharedListener endpointForReply:withListenerName:]: an error occurred while attempting to obtain endpoint for listener 'ClientCallsAuxiliary': Connection invalid
1554311426948	Marionette	INFO	Listening on port 55390
1554311427004	Marionette	WARN	TLS certificate errors will be ignored for this session
2019-04-03 13:10:27.530 plugin-container[14551:19783581] *** CFMessagePort: bootstrap_register(): failed 1100 (0x44c) 'Permission denied', port = 0x8743, name = 'com.apple.tsm.portname'
See /usr/include/servers/bootstrap_defs.h for the error codes.
2019-04-03 13:10:27.618 plugin-container[14551:19783581] unable to obtain configuration from file:///Library/Preferences/com.apple.ViewBridge.plist due to Error Domain=NSCocoaErrorDomain Code=257 "The file “com.apple.ViewBridge.plist” couldn’t be opened because you don’t have permission to view it." UserInfo={NSFilePath=/Library/Preferences/com.apple.ViewBridge.plist, NSUnderlyingError=0x10cae1a90 {Error Domain=NSPOSIXErrorDomain Code=1 "Operation not permitted"}}
2019-04-03 13:10:27.620 plugin-container[14551:19783589] +[NSXPCSharedListener endpointForReply:withListenerName:]: an error occurred while attempting to obtain endpoint for listener 'ClientCallsAuxiliary': Connection invalid
1554311480314	mozrunner::runner	INFO	Running command: "/Applications/Firefox.app/Contents/MacOS/firefox-bin" "-marionette" "-foreground" "-no-remote" "-profile" "/var/folders/tl/mqtm2r616c7bjwrkp8kbf9wc0000gn/T/rust_mozprofile.3eeP6VBCBNwo"
2019-04-03 13:11:21.764 plugin-container[14677:19786267] *** CFMessagePort: bootstrap_register(): failed 1100 (0x44c) 'Permission denied', port = 0x7907, name = 'com.apple.tsm.portname'
See /usr/include/servers/bootstrap_defs.h for the error codes.
2019-04-03 13:11:21.864 plugin-container[14677:19786267] unable to obtain configuration from file:///Library/Preferences/com.apple.ViewBridge.plist due to Error Domain=NSCocoaErrorDomain Code=257 "The file “com.apple.ViewBridge.plist” couldn’t be opened because you don’t have permission to view it." UserInfo={NSFilePath=/Library/Preferences/com.apple.ViewBridge.plist, NSUnderlyingError=0x10e4cfe20 {Error Domain=NSPOSIXErrorDomain Code=1 "Operation not permitted"}}
2019-04-03 13:11:21.866 plugin-container[14677:19786277] +[NSXPCSharedListener endpointForReply:withListenerName:]: an error occurred while attempting to obtain endpoint for listener 'ClientCallsAuxiliary': Connection invalid
1554311482094	Marionette	INFO	Listening on port 55461
1554311482161	Marionette	WARN	TLS certificate errors will be ignored for this session
console.log: Accessibility service init or shutdown observer does not exist.
1554311482418	addons.xpi	WARN	Exception running bootstrap method shutdown on activity-stream@mozilla.org: [Exception... "Component returned failure code: 0x80004005 (NS_ERROR_FAILURE) [nsIObserverService.removeObserver]"  nsresult: "0x80004005 (NS_ERROR_FAILURE)"  location: "JS frame :: resource://activity-stream/lib/SnippetsFeed.jsm :: uninit :: line 185"  data: no] Stack trace: uninit()@resource://activity-stream/lib/SnippetsFeed.jsm:185
onAction()@resource://activity-stream/lib/SnippetsFeed.jsm:201
_middleware/</<()@resource://activity-stream/lib/Store.jsm:49
Store/this[method]()@resource://activity-stream/lib/Store.jsm:28
uninit()@resource://activity-stream/lib/Store.jsm:151
uninit()@resource://activity-stream/lib/ActivityStream.jsm:300
uninit()@resource://gre/modules/addons/XPIProvider.jsm -> jar:file:///Applications/Firefox.app/Contents/Resources/browser/features/activity-stream@mozilla.org.xpi!/bootstrap.js:73
shutdown()@resource://gre/modules/addons/XPIProvider.jsm -> jar:file:///Applications/Firefox.app/Contents/Resources/browser/features/activity-stream@mozilla.org.xpi!/bootstrap.js:169
callBootstrapMethod()@resource://gre/modules/addons/XPIProvider.jsm:4446
observe()@resource://gre/modules/addons/XPIProvider.jsm:2293
GeckoDriver.prototype.quit()@driver.js:3300
despatch()@server.js:293
execute()@server.js:267
onPacket/<()@server.js:242
onPacket()@server.js:241
_onJSONObjectReady/<()@transport.js:500
*** UTM:SVC TimerManager:registerTimer called after profile-before-change notification. Ignoring timer registration for id: telemetry_modules_ping
console.log: Accessibility service init or shutdown observer does not exist.
console.log: Accessibility service init or shutdown observer does not exist.
1554311999569	mozrunner::runner	INFO	Running command: "/Applications/Firefox.app/Contents/MacOS/firefox-bin" "-marionette" "-foreground" "-no-remote" "-profile" "/var/folders/tl/mqtm2r616c7bjwrkp8kbf9wc0000gn/T/rust_mozprofile.OwlaJ0KeJNaT"
2019-04-03 13:20:00.738 plugin-container[15084:19805672] *** CFMessagePort: bootstrap_register(): failed 1100 (0x44c) 'Permission denied', port = 0x7d43, name = 'com.apple.tsm.portname'
See /usr/include/servers/bootstrap_defs.h for the error codes.
2019-04-03 13:20:00.842 plugin-container[15084:19805672] unable to obtain configuration from file:///Library/Preferences/com.apple.ViewBridge.plist due to Error Domain=NSCocoaErrorDomain Code=257 "The file “com.apple.ViewBridge.plist” couldn’t be opened because you don’t have permission to view it." UserInfo={NSFilePath=/Library/Preferences/com.apple.ViewBridge.plist, NSUnderlyingError=0x103fd2ca0 {Error Domain=NSPOSIXErrorDomain Code=1 "Operation not permitted"}}
2019-04-03 13:20:00.844 plugin-container[15084:19805682] +[NSXPCSharedListener endpointForReply:withListenerName:]: an error occurred while attempting to obtain endpoint for listener 'ClientCallsAuxiliary': Connection invalid
1554312001102	Marionette	INFO	Listening on port 55811
1554312001114	Marionette	WARN	TLS certificate errors will be ignored for this session
console.log: Accessibility service init or shutdown observer does not exist.
1554312001414	addons.xpi	WARN	Exception running bootstrap method shutdown on activity-stream@mozilla.org: [Exception... "Component returned failure code: 0x80004005 (NS_ERROR_FAILURE) [nsIObserverService.removeObserver]"  nsresult: "0x80004005 (NS_ERROR_FAILURE)"  location: "JS frame :: resource://activity-stream/lib/SnippetsFeed.jsm :: uninit :: line 185"  data: no] Stack trace: uninit()@resource://activity-stream/lib/SnippetsFeed.jsm:185
onAction()@resource://activity-stream/lib/SnippetsFeed.jsm:201
_middleware/</<()@resource://activity-stream/lib/Store.jsm:49
Store/this[method]()@resource://activity-stream/lib/Store.jsm:28
uninit()@resource://activity-stream/lib/Store.jsm:151
uninit()@resource://activity-stream/lib/ActivityStream.jsm:300
uninit()@resource://gre/modules/addons/XPIProvider.jsm -> jar:file:///Applications/Firefox.app/Contents/Resources/browser/features/activity-stream@mozilla.org.xpi!/bootstrap.js:73
shutdown()@resource://gre/modules/addons/XPIProvider.jsm -> jar:file:///Applications/Firefox.app/Contents/Resources/browser/features/activity-stream@mozilla.org.xpi!/bootstrap.js:169
callBootstrapMethod()@resource://gre/modules/addons/XPIProvider.jsm:4446
observe()@resource://gre/modules/addons/XPIProvider.jsm:2293
GeckoDriver.prototype.quit()@driver.js:3300
despatch()@server.js:293
execute()@server.js:267
onPacket/<()@server.js:242
onPacket()@server.js:241
_onJSONObjectReady/<()@transport.js:500
*** UTM:SVC TimerManager:registerTimer called after profile-before-change notification. Ignoring timer registration for id: telemetry_modules_ping
1554313351075	mozrunner::runner	INFO	Running command: "/Applications/Firefox.app/Contents/MacOS/firefox-bin" "-marionette" "-foreground" "-no-remote" "-profile" "/var/folders/tl/mqtm2r616c7bjwrkp8kbf9wc0000gn/T/rust_mozprofile.bA9taBFzbGdl"
2019-04-03 13:42:32.280 plugin-container[15858:19865212] *** CFMessagePort: bootstrap_register(): failed 1100 (0x44c) 'Permission denied', port = 0x7943, name = 'com.apple.tsm.portname'
See /usr/include/servers/bootstrap_defs.h for the error codes.
2019-04-03 13:42:32.466 plugin-container[15858:19865212] unable to obtain configuration from file:///Library/Preferences/com.apple.ViewBridge.plist due to Error Domain=NSCocoaErrorDomain Code=257 "The file “com.apple.ViewBridge.plist” couldn’t be opened because you don’t have permission to view it." UserInfo={NSFilePath=/Library/Preferences/com.apple.ViewBridge.plist, NSUnderlyingError=0x10fbd2940 {Error Domain=NSPOSIXErrorDomain Code=1 "Operation not permitted"}}
2019-04-03 13:42:32.469 plugin-container[15858:19865214] +[NSXPCSharedListener endpointForReply:withListenerName:]: an error occurred while attempting to obtain endpoint for listener 'ClientCallsAuxiliary': Connection invalid
1554313352605	Marionette	INFO	Listening on port 56334
1554313352629	Marionette	WARN	TLS certificate errors will be ignored for this session
console.log: Accessibility service init or shutdown observer does not exist.
1554313352959	addons.xpi	WARN	Exception running bootstrap method shutdown on activity-stream@mozilla.org: [Exception... "Component returned failure code: 0x80004005 (NS_ERROR_FAILURE) [nsIObserverService.removeObserver]"  nsresult: "0x80004005 (NS_ERROR_FAILURE)"  location: "JS frame :: resource://activity-stream/lib/SnippetsFeed.jsm :: uninit :: line 185"  data: no] Stack trace: uninit()@resource://activity-stream/lib/SnippetsFeed.jsm:185
onAction()@resource://activity-stream/lib/SnippetsFeed.jsm:201
_middleware/</<()@resource://activity-stream/lib/Store.jsm:49
Store/this[method]()@resource://activity-stream/lib/Store.jsm:28
uninit()@resource://activity-stream/lib/Store.jsm:151
uninit()@resource://activity-stream/lib/ActivityStream.jsm:300
uninit()@resource://gre/modules/addons/XPIProvider.jsm -> jar:file:///Applications/Firefox.app/Contents/Resources/browser/features/activity-stream@mozilla.org.xpi!/bootstrap.js:73
shutdown()@resource://gre/modules/addons/XPIProvider.jsm -> jar:file:///Applications/Firefox.app/Contents/Resources/browser/features/activity-stream@mozilla.org.xpi!/bootstrap.js:169
callBootstrapMethod()@resource://gre/modules/addons/XPIProvider.jsm:4446
observe()@resource://gre/modules/addons/XPIProvider.jsm:2293
GeckoDriver.prototype.quit()@driver.js:3300
despatch()@server.js:293
execute()@server.js:267
onPacket/<()@server.js:242
onPacket()@server.js:241
_onJSONObjectReady/<()@transport.js:500
*** UTM:SVC TimerManager:registerTimer called after profile-before-change notification. Ignoring timer registration for id: telemetry_modules_ping
1554313547178	mozrunner::runner	INFO	Running command: "/Applications/Firefox.app/Contents/MacOS/firefox-bin" "-marionette" "-foreground" "-no-remote" "-profile" "/var/folders/tl/mqtm2r616c7bjwrkp8kbf9wc0000gn/T/rust_mozprofile.JoHRa2Syokax"
2019-04-03 13:45:48.339 plugin-container[16030:19874505] *** CFMessagePort: bootstrap_register(): failed 1100 (0x44c) 'Permission denied', port = 0x7b07, name = 'com.apple.tsm.portname'
See /usr/include/servers/bootstrap_defs.h for the error codes.
2019-04-03 13:45:48.439 plugin-container[16030:19874505] unable to obtain configuration from file:///Library/Preferences/com.apple.ViewBridge.plist due to Error Domain=NSCocoaErrorDomain Code=257 "The file “com.apple.ViewBridge.plist” couldn’t be opened because you don’t have permission to view it." UserInfo={NSFilePath=/Library/Preferences/com.apple.ViewBridge.plist, NSUnderlyingError=0x1115d2c40 {Error Domain=NSPOSIXErrorDomain Code=1 "Operation not permitted"}}
2019-04-03 13:45:48.441 plugin-container[16030:19874506] +[NSXPCSharedListener endpointForReply:withListenerName:]: an error occurred while attempting to obtain endpoint for listener 'ClientCallsAuxiliary': Connection invalid
1554313548665	Marionette	INFO	Listening on port 56432
1554313548715	Marionette	WARN	TLS certificate errors will be ignored for this session
console.log: Accessibility service init or shutdown observer does not exist.
1554313548990	addons.xpi	WARN	Exception running bootstrap method shutdown on activity-stream@mozilla.org: [Exception... "Component returned failure code: 0x80004005 (NS_ERROR_FAILURE) [nsIObserverService.removeObserver]"  nsresult: "0x80004005 (NS_ERROR_FAILURE)"  location: "JS frame :: resource://activity-stream/lib/SnippetsFeed.jsm :: uninit :: line 185"  data: no] Stack trace: uninit()@resource://activity-stream/lib/SnippetsFeed.jsm:185
onAction()@resource://activity-stream/lib/SnippetsFeed.jsm:201
_middleware/</<()@resource://activity-stream/lib/Store.jsm:49
Store/this[method]()@resource://activity-stream/lib/Store.jsm:28
uninit()@resource://activity-stream/lib/Store.jsm:151
uninit()@resource://activity-stream/lib/ActivityStream.jsm:300
uninit()@resource://gre/modules/addons/XPIProvider.jsm -> jar:file:///Applications/Firefox.app/Contents/Resources/browser/features/activity-stream@mozilla.org.xpi!/bootstrap.js:73
shutdown()@resource://gre/modules/addons/XPIProvider.jsm -> jar:file:///Applications/Firefox.app/Contents/Resources/browser/features/activity-stream@mozilla.org.xpi!/bootstrap.js:169
callBootstrapMethod()@resource://gre/modules/addons/XPIProvider.jsm:4446
observe()@resource://gre/modules/addons/XPIProvider.jsm:2293
GeckoDriver.prototype.quit()@driver.js:3300
despatch()@server.js:293
execute()@server.js:267
onPacket/<()@server.js:242
onPacket()@server.js:241
_onJSONObjectReady/<()@transport.js:500
*** UTM:SVC TimerManager:registerTimer called after profile-before-change notification. Ignoring timer registration for id: telemetry_modules_ping
1554313642661	mozrunner::runner	INFO	Running command: "/Applications/Firefox.app/Contents/MacOS/firefox-bin" "-marionette" "-foreground" "-no-remote" "-profile" "/var/folders/tl/mqtm2r616c7bjwrkp8kbf9wc0000gn/T/rust_mozprofile.R1eV0RtW7qaE"
2019-04-03 13:47:23.827 plugin-container[16125:19878544] *** CFMessagePort: bootstrap_register(): failed 1100 (0x44c) 'Permission denied', port = 0x803b, name = 'com.apple.tsm.portname'
See /usr/include/servers/bootstrap_defs.h for the error codes.
2019-04-03 13:47:23.927 plugin-container[16125:19878544] unable to obtain configuration from file:///Library/Preferences/com.apple.ViewBridge.plist due to Error Domain=NSCocoaErrorDomain Code=257 "The file “com.apple.ViewBridge.plist” couldn’t be opened because you don’t have permission to view it." UserInfo={NSFilePath=/Library/Preferences/com.apple.ViewBridge.plist, NSUnderlyingError=0x109ed3c40 {Error Domain=NSPOSIXErrorDomain Code=1 "Operation not permitted"}}
2019-04-03 13:47:23.929 plugin-container[16125:19878545] +[NSXPCSharedListener endpointForReply:withListenerName:]: an error occurred while attempting to obtain endpoint for listener 'ClientCallsAuxiliary': Connection invalid
1554313644196	Marionette	INFO	Listening on port 56510
1554313644308	Marionette	WARN	TLS certificate errors will be ignored for this session
console.log: Accessibility service init or shutdown observer does not exist.
1554313644526	addons.xpi	WARN	Exception running bootstrap method shutdown on activity-stream@mozilla.org: [Exception... "Component returned failure code: 0x80004005 (NS_ERROR_FAILURE) [nsIObserverService.removeObserver]"  nsresult: "0x80004005 (NS_ERROR_FAILURE)"  location: "JS frame :: resource://activity-stream/lib/SnippetsFeed.jsm :: uninit :: line 185"  data: no] Stack trace: uninit()@resource://activity-stream/lib/SnippetsFeed.jsm:185
onAction()@resource://activity-stream/lib/SnippetsFeed.jsm:201
_middleware/</<()@resource://activity-stream/lib/Store.jsm:49
Store/this[method]()@resource://activity-stream/lib/Store.jsm:28
uninit()@resource://activity-stream/lib/Store.jsm:151
uninit()@resource://activity-stream/lib/ActivityStream.jsm:300
uninit()@resource://gre/modules/addons/XPIProvider.jsm -> jar:file:///Applications/Firefox.app/Contents/Resources/browser/features/activity-stream@mozilla.org.xpi!/bootstrap.js:73
shutdown()@resource://gre/modules/addons/XPIProvider.jsm -> jar:file:///Applications/Firefox.app/Contents/Resources/browser/features/activity-stream@mozilla.org.xpi!/bootstrap.js:169
callBootstrapMethod()@resource://gre/modules/addons/XPIProvider.jsm:4446
observe()@resource://gre/modules/addons/XPIProvider.jsm:2293
GeckoDriver.prototype.quit()@driver.js:3300
despatch()@server.js:293
execute()@server.js:267
onPacket/<()@server.js:242
onPacket()@server.js:241
_onJSONObjectReady/<()@transport.js:500
*** UTM:SVC TimerManager:registerTimer called after profile-before-change notification. Ignoring timer registration for id: telemetry_modules_ping
1554314030157	mozrunner::runner	INFO	Running command: "/Applications/Firefox.app/Contents/MacOS/firefox-bin" "-marionette" "-foreground" "-no-remote" "-profile" "/var/folders/tl/mqtm2r616c7bjwrkp8kbf9wc0000gn/T/rust_mozprofile.jPCvLhrCYixm"
2019-04-03 13:53:51.331 plugin-container[16638:19899234] *** CFMessagePort: bootstrap_register(): failed 1100 (0x44c) 'Permission denied', port = 0x893b, name = 'com.apple.tsm.portname'
See /usr/include/servers/bootstrap_defs.h for the error codes.
2019-04-03 13:53:51.431 plugin-container[16638:19899234] unable to obtain configuration from file:///Library/Preferences/com.apple.ViewBridge.plist due to Error Domain=NSCocoaErrorDomain Code=257 "The file “com.apple.ViewBridge.plist” couldn’t be opened because you don’t have permission to view it." UserInfo={NSFilePath=/Library/Preferences/com.apple.ViewBridge.plist, NSUnderlyingError=0x10e5d3c40 {Error Domain=NSPOSIXErrorDomain Code=1 "Operation not permitted"}}
2019-04-03 13:53:51.434 plugin-container[16638:19899236] +[NSXPCSharedListener endpointForReply:withListenerName:]: an error occurred while attempting to obtain endpoint for listener 'ClientCallsAuxiliary': Connection invalid
1554314031659	Marionette	INFO	Listening on port 56662
1554314031703	Marionette	WARN	TLS certificate errors will be ignored for this session
console.log: Accessibility service init or shutdown observer does not exist.
1554314031971	addons.xpi	WARN	Exception running bootstrap method shutdown on activity-stream@mozilla.org: [Exception... "Component returned failure code: 0x80004005 (NS_ERROR_FAILURE) [nsIObserverService.removeObserver]"  nsresult: "0x80004005 (NS_ERROR_FAILURE)"  location: "JS frame :: resource://activity-stream/lib/SnippetsFeed.jsm :: uninit :: line 185"  data: no] Stack trace: uninit()@resource://activity-stream/lib/SnippetsFeed.jsm:185
onAction()@resource://activity-stream/lib/SnippetsFeed.jsm:201
_middleware/</<()@resource://activity-stream/lib/Store.jsm:49
Store/this[method]()@resource://activity-stream/lib/Store.jsm:28
uninit()@resource://activity-stream/lib/Store.jsm:151
uninit()@resource://activity-stream/lib/ActivityStream.jsm:300
uninit()@resource://gre/modules/addons/XPIProvider.jsm -> jar:file:///Applications/Firefox.app/Contents/Resources/browser/features/activity-stream@mozilla.org.xpi!/bootstrap.js:73
shutdown()@resource://gre/modules/addons/XPIProvider.jsm -> jar:file:///Applications/Firefox.app/Contents/Resources/browser/features/activity-stream@mozilla.org.xpi!/bootstrap.js:169
callBootstrapMethod()@resource://gre/modules/addons/XPIProvider.jsm:4446
observe()@resource://gre/modules/addons/XPIProvider.jsm:2293
GeckoDriver.prototype.quit()@driver.js:3300
despatch()@server.js:293
execute()@server.js:267
onPacket/<()@server.js:242
onPacket()@server.js:241
_onJSONObjectReady/<()@transport.js:500
*** UTM:SVC TimerManager:registerTimer called after profile-before-change notification. Ignoring timer registration for id: telemetry_modules_ping
1554314331772	mozrunner::runner	INFO	Running command: "/Applications/Firefox.app/Contents/MacOS/firefox-bin" "-marionette" "-foreground" "-no-remote" "-profile" "/var/folders/tl/mqtm2r616c7bjwrkp8kbf9wc0000gn/T/rust_mozprofile.yHQPTuMkfBE6"
2019-04-03 13:58:52.929 plugin-container[16803:19910763] *** CFMessagePort: bootstrap_register(): failed 1100 (0x44c) 'Permission denied', port = 0x7d43, name = 'com.apple.tsm.portname'
See /usr/include/servers/bootstrap_defs.h for the error codes.
2019-04-03 13:58:53.028 plugin-container[16803:19910763] unable to obtain configuration from file:///Library/Preferences/com.apple.ViewBridge.plist due to Error Domain=NSCocoaErrorDomain Code=257 "The file “com.apple.ViewBridge.plist” couldn’t be opened because you don’t have permission to view it." UserInfo={NSFilePath=/Library/Preferences/com.apple.ViewBridge.plist, NSUnderlyingError=0x10efd2ca0 {Error Domain=NSPOSIXErrorDomain Code=1 "Operation not permitted"}}
2019-04-03 13:58:53.031 plugin-container[16803:19910767] +[NSXPCSharedListener endpointForReply:withListenerName:]: an error occurred while attempting to obtain endpoint for listener 'ClientCallsAuxiliary': Connection invalid
1554314333296	Marionette	INFO	Listening on port 56793
1554314333313	Marionette	WARN	TLS certificate errors will be ignored for this session
console.log: Accessibility service init or shutdown observer does not exist.
1554314333602	addons.xpi	WARN	Exception running bootstrap method shutdown on activity-stream@mozilla.org: [Exception... "Component returned failure code: 0x80004005 (NS_ERROR_FAILURE) [nsIObserverService.removeObserver]"  nsresult: "0x80004005 (NS_ERROR_FAILURE)"  location: "JS frame :: resource://activity-stream/lib/SnippetsFeed.jsm :: uninit :: line 185"  data: no] Stack trace: uninit()@resource://activity-stream/lib/SnippetsFeed.jsm:185
onAction()@resource://activity-stream/lib/SnippetsFeed.jsm:201
_middleware/</<()@resource://activity-stream/lib/Store.jsm:49
Store/this[method]()@resource://activity-stream/lib/Store.jsm:28
uninit()@resource://activity-stream/lib/Store.jsm:151
uninit()@resource://activity-stream/lib/ActivityStream.jsm:300
uninit()@resource://gre/modules/addons/XPIProvider.jsm -> jar:file:///Applications/Firefox.app/Contents/Resources/browser/features/activity-stream@mozilla.org.xpi!/bootstrap.js:73
shutdown()@resource://gre/modules/addons/XPIProvider.jsm -> jar:file:///Applications/Firefox.app/Contents/Resources/browser/features/activity-stream@mozilla.org.xpi!/bootstrap.js:169
callBootstrapMethod()@resource://gre/modules/addons/XPIProvider.jsm:4446
observe()@resource://gre/modules/addons/XPIProvider.jsm:2293
GeckoDriver.prototype.quit()@driver.js:3300
despatch()@server.js:293
execute()@server.js:267
onPacket/<()@server.js:242
onPacket()@server.js:241
_onJSONObjectReady/<()@transport.js:500
*** UTM:SVC TimerManager:registerTimer called after profile-before-change notification. Ignoring timer registration for id: telemetry_modules_ping
1554314893296	mozrunner::runner	INFO	Running command: "/Applications/Firefox.app/Contents/MacOS/firefox-bin" "-marionette" "-foreground" "-no-remote" "-profile" "/var/folders/tl/mqtm2r616c7bjwrkp8kbf9wc0000gn/T/rust_mozprofile.lEr4Ghlg2u2E"
2019-04-03 14:08:14.460 plugin-container[17361:19934229] *** CFMessagePort: bootstrap_register(): failed 1100 (0x44c) 'Permission denied', port = 0x833b, name = 'com.apple.tsm.portname'
See /usr/include/servers/bootstrap_defs.h for the error codes.
2019-04-03 14:08:14.564 plugin-container[17361:19934229] unable to obtain configuration from file:///Library/Preferences/com.apple.ViewBridge.plist due to Error Domain=NSCocoaErrorDomain Code=257 "The file “com.apple.ViewBridge.plist” couldn’t be opened because you don’t have permission to view it." UserInfo={NSFilePath=/Library/Preferences/com.apple.ViewBridge.plist, NSUnderlyingError=0x1150d2c40 {Error Domain=NSPOSIXErrorDomain Code=1 "Operation not permitted"}}
2019-04-03 14:08:14.567 plugin-container[17361:19934244] +[NSXPCSharedListener endpointForReply:withListenerName:]: an error occurred while attempting to obtain endpoint for listener 'ClientCallsAuxiliary': Connection invalid
1554314894793	Marionette	INFO	Listening on port 57016
1554314894846	Marionette	WARN	TLS certificate errors will be ignored for this session
console.log: Accessibility service init or shutdown observer does not exist.
1554314895107	addons.xpi	WARN	Exception running bootstrap method shutdown on activity-stream@mozilla.org: [Exception... "Component returned failure code: 0x80004005 (NS_ERROR_FAILURE) [nsIObserverService.removeObserver]"  nsresult: "0x80004005 (NS_ERROR_FAILURE)"  location: "JS frame :: resource://activity-stream/lib/SnippetsFeed.jsm :: uninit :: line 185"  data: no] Stack trace: uninit()@resource://activity-stream/lib/SnippetsFeed.jsm:185
onAction()@resource://activity-stream/lib/SnippetsFeed.jsm:201
_middleware/</<()@resource://activity-stream/lib/Store.jsm:49
Store/this[method]()@resource://activity-stream/lib/Store.jsm:28
uninit()@resource://activity-stream/lib/Store.jsm:151
uninit()@resource://activity-stream/lib/ActivityStream.jsm:300
uninit()@resource://gre/modules/addons/XPIProvider.jsm -> jar:file:///Applications/Firefox.app/Contents/Resources/browser/features/activity-stream@mozilla.org.xpi!/bootstrap.js:73
shutdown()@resource://gre/modules/addons/XPIProvider.jsm -> jar:file:///Applications/Firefox.app/Contents/Resources/browser/features/activity-stream@mozilla.org.xpi!/bootstrap.js:169
callBootstrapMethod()@resource://gre/modules/addons/XPIProvider.jsm:4446
observe()@resource://gre/modules/addons/XPIProvider.jsm:2293
GeckoDriver.prototype.quit()@driver.js:3300
despatch()@server.js:293
execute()@server.js:267
onPacket/<()@server.js:242
onPacket()@server.js:241
_onJSONObjectReady/<()@transport.js:500
*** UTM:SVC TimerManager:registerTimer called after profile-before-change notification. Ignoring timer registration for id: telemetry_modules_ping
1554315130996	mozrunner::runner	INFO	Running command: "/Applications/Firefox.app/Contents/MacOS/firefox-bin" "-marionette" "-foreground" "-no-remote" "-profile" "/var/folders/tl/mqtm2r616c7bjwrkp8kbf9wc0000gn/T/rust_mozprofile.El8A0lNYEkPw"
2019-04-03 14:12:12.143 plugin-container[17559:19946435] *** CFMessagePort: bootstrap_register(): failed 1100 (0x44c) 'Permission denied', port = 0x793b, name = 'com.apple.tsm.portname'
See /usr/include/servers/bootstrap_defs.h for the error codes.
2019-04-03 14:12:12.242 plugin-container[17559:19946435] unable to obtain configuration from file:///Library/Preferences/com.apple.ViewBridge.plist due to Error Domain=NSCocoaErrorDomain Code=257 "The file “com.apple.ViewBridge.plist” couldn’t be opened because you don’t have permission to view it." UserInfo={NSFilePath=/Library/Preferences/com.apple.ViewBridge.plist, NSUnderlyingError=0x1138d2c40 {Error Domain=NSPOSIXErrorDomain Code=1 "Operation not permitted"}}
2019-04-03 14:12:12.244 plugin-container[17559:19946436] +[NSXPCSharedListener endpointForReply:withListenerName:]: an error occurred while attempting to obtain endpoint for listener 'ClientCallsAuxiliary': Connection invalid
1554315132468	Marionette	INFO	Listening on port 57128
1554315132546	Marionette	WARN	TLS certificate errors will be ignored for this session
2019-04-03 14:12:13.127 plugin-container[17561:19946540] *** CFMessagePort: bootstrap_register(): failed 1100 (0x44c) 'Permission denied', port = 0x773b, name = 'com.apple.tsm.portname'
See /usr/include/servers/bootstrap_defs.h for the error codes.
2019-04-03 14:12:13.213 plugin-container[17561:19946540] unable to obtain configuration from file:///Library/Preferences/com.apple.ViewBridge.plist due to Error Domain=NSCocoaErrorDomain Code=257 "The file “com.apple.ViewBridge.plist” couldn’t be opened because you don’t have permission to view it." UserInfo={NSFilePath=/Library/Preferences/com.apple.ViewBridge.plist, NSUnderlyingError=0x1089e1a90 {Error Domain=NSPOSIXErrorDomain Code=1 "Operation not permitted"}}
2019-04-03 14:12:13.215 plugin-container[17561:19946542] +[NSXPCSharedListener endpointForReply:withListenerName:]: an error occurred while attempting to obtain endpoint for listener 'ClientCallsAuxiliary': Connection invalid
console.log: Accessibility service init or shutdown observer does not exist.
*** UTM:SVC TimerManager:registerTimer called after profile-before-change notification. Ignoring timer registration for id: telemetry_modules_ping
1554315302288	mozrunner::runner	INFO	Running command: "/Applications/Firefox.app/Contents/MacOS/firefox-bin" "-marionette" "-foreground" "-no-remote" "-profile" "/var/folders/tl/mqtm2r616c7bjwrkp8kbf9wc0000gn/T/rust_mozprofile.6WN8yfhhRivp"
2019-04-03 14:15:03.457 plugin-container[17661:19950904] *** CFMessagePort: bootstrap_register(): failed 1100 (0x44c) 'Permission denied', port = 0x792b, name = 'com.apple.tsm.portname'
See /usr/include/servers/bootstrap_defs.h for the error codes.
2019-04-03 14:15:03.556 plugin-container[17661:19950904] unable to obtain configuration from file:///Library/Preferences/com.apple.ViewBridge.plist due to Error Domain=NSCocoaErrorDomain Code=257 "The file “com.apple.ViewBridge.plist” couldn’t be opened because you don’t have permission to view it." UserInfo={NSFilePath=/Library/Preferences/com.apple.ViewBridge.plist, NSUnderlyingError=0x10abd2ca0 {Error Domain=NSPOSIXErrorDomain Code=1 "Operation not permitted"}}
2019-04-03 14:15:03.559 plugin-container[17661:19950915] +[NSXPCSharedListener endpointForReply:withListenerName:]: an error occurred while attempting to obtain endpoint for listener 'ClientCallsAuxiliary': Connection invalid
1554315303787	Marionette	INFO	Listening on port 57228
1554315303833	Marionette	WARN	TLS certificate errors will be ignored for this session
2019-04-03 14:15:04.360 plugin-container[17663:19951093] *** CFMessagePort: bootstrap_register(): failed 1100 (0x44c) 'Permission denied', port = 0x793b, name = 'com.apple.tsm.portname'
See /usr/include/servers/bootstrap_defs.h for the error codes.
2019-04-03 14:15:04.452 plugin-container[17663:19951093] unable to obtain configuration from file:///Library/Preferences/com.apple.ViewBridge.plist due to Error Domain=NSCocoaErrorDomain Code=257 "The file “com.apple.ViewBridge.plist” couldn’t be opened because you don’t have permission to view it." UserInfo={NSFilePath=/Library/Preferences/com.apple.ViewBridge.plist, NSUnderlyingError=0x106be1af0 {Error Domain=NSPOSIXErrorDomain Code=1 "Operation not permitted"}}
2019-04-03 14:15:04.454 plugin-container[17663:19951097] +[NSXPCSharedListener endpointForReply:withListenerName:]: an error occurred while attempting to obtain endpoint for listener 'ClientCallsAuxiliary': Connection invalid
console.log: Accessibility service init or shutdown observer does not exist.
*** UTM:SVC TimerManager:registerTimer called after profile-before-change notification. Ignoring timer registration for id: telemetry_modules_ping
1554315651194	mozrunner::runner	INFO	Running command: "/Applications/Firefox.app/Contents/MacOS/firefox-bin" "-marionette" "-foreground" "-no-remote" "-profile" "/var/folders/tl/mqtm2r616c7bjwrkp8kbf9wc0000gn/T/rust_mozprofile.oDJZPhimC7HE"
2019-04-03 14:20:52.381 plugin-container[17886:19962563] *** CFMessagePort: bootstrap_register(): failed 1100 (0x44c) 'Permission denied', port = 0x763b, name = 'com.apple.tsm.portname'
See /usr/include/servers/bootstrap_defs.h for the error codes.
2019-04-03 14:20:52.487 plugin-container[17886:19962563] unable to obtain configuration from file:///Library/Preferences/com.apple.ViewBridge.plist due to Error Domain=NSCocoaErrorDomain Code=257 "The file “com.apple.ViewBridge.plist” couldn’t be opened because you don’t have permission to view it." UserInfo={NSFilePath=/Library/Preferences/com.apple.ViewBridge.plist, NSUnderlyingError=0x10fcd3c40 {Error Domain=NSPOSIXErrorDomain Code=1 "Operation not permitted"}}
2019-04-03 14:20:52.490 plugin-container[17886:19962565] +[NSXPCSharedListener endpointForReply:withListenerName:]: an error occurred while attempting to obtain endpoint for listener 'ClientCallsAuxiliary': Connection invalid
1554315652715	Marionette	INFO	Listening on port 57381
1554315652740	Marionette	WARN	TLS certificate errors will be ignored for this session
2019-04-03 14:20:53.380 plugin-container[17889:19962664] *** CFMessagePort: bootstrap_register(): failed 1100 (0x44c) 'Permission denied', port = 0x8d3b, name = 'com.apple.tsm.portname'
See /usr/include/servers/bootstrap_defs.h for the error codes.
2019-04-03 14:20:53.472 plugin-container[17889:19962664] unable to obtain configuration from file:///Library/Preferences/com.apple.ViewBridge.plist due to Error Domain=NSCocoaErrorDomain Code=257 "The file “com.apple.ViewBridge.plist” couldn’t be opened because you don’t have permission to view it." UserInfo={NSFilePath=/Library/Preferences/com.apple.ViewBridge.plist, NSUnderlyingError=0x1123e1af0 {Error Domain=NSPOSIXErrorDomain Code=1 "Operation not permitted"}}
2019-04-03 14:20:53.475 plugin-container[17889:19962665] +[NSXPCSharedListener endpointForReply:withListenerName:]: an error occurred while attempting to obtain endpoint for listener 'ClientCallsAuxiliary': Connection invalid
console.log: Accessibility service init or shutdown observer does not exist.
*** UTM:SVC TimerManager:registerTimer called after profile-before-change notification. Ignoring timer registration for id: telemetry_modules_ping
1554315831964	mozrunner::runner	INFO	Running command: "/Applications/Firefox.app/Contents/MacOS/firefox-bin" "-marionette" "-foreground" "-no-remote" "-profile" "/var/folders/tl/mqtm2r616c7bjwrkp8kbf9wc0000gn/T/rust_mozprofile.bBTskixbZ52G"
2019-04-03 14:23:53.136 plugin-container[18125:19967897] *** CFMessagePort: bootstrap_register(): failed 1100 (0x44c) 'Permission denied', port = 0x7c3b, name = 'com.apple.tsm.portname'
See /usr/include/servers/bootstrap_defs.h for the error codes.
2019-04-03 14:23:53.236 plugin-container[18125:19967897] unable to obtain configuration from file:///Library/Preferences/com.apple.ViewBridge.plist due to Error Domain=NSCocoaErrorDomain Code=257 "The file “com.apple.ViewBridge.plist” couldn’t be opened because you don’t have permission to view it." UserInfo={NSFilePath=/Library/Preferences/com.apple.ViewBridge.plist, NSUnderlyingError=0x10e1d3370 {Error Domain=NSPOSIXErrorDomain Code=1 "Operation not permitted"}}
2019-04-03 14:23:53.238 plugin-container[18125:19967908] +[NSXPCSharedListener endpointForReply:withListenerName:]: an error occurred while attempting to obtain endpoint for listener 'ClientCallsAuxiliary': Connection invalid
1554315833468	Marionette	INFO	Listening on port 57488
1554315833504	Marionette	WARN	TLS certificate errors will be ignored for this session
console.log: Accessibility service init or shutdown observer does not exist.
1554315833793	addons.xpi	WARN	Exception running bootstrap method shutdown on activity-stream@mozilla.org: [Exception... "Component returned failure code: 0x80004005 (NS_ERROR_FAILURE) [nsIObserverService.removeObserver]"  nsresult: "0x80004005 (NS_ERROR_FAILURE)"  location: "JS frame :: resource://activity-stream/lib/SnippetsFeed.jsm :: uninit :: line 185"  data: no] Stack trace: uninit()@resource://activity-stream/lib/SnippetsFeed.jsm:185
onAction()@resource://activity-stream/lib/SnippetsFeed.jsm:201
_middleware/</<()@resource://activity-stream/lib/Store.jsm:49
Store/this[method]()@resource://activity-stream/lib/Store.jsm:28
uninit()@resource://activity-stream/lib/Store.jsm:151
uninit()@resource://activity-stream/lib/ActivityStream.jsm:300
uninit()@resource://gre/modules/addons/XPIProvider.jsm -> jar:file:///Applications/Firefox.app/Contents/Resources/browser/features/activity-stream@mozilla.org.xpi!/bootstrap.js:73
shutdown()@resource://gre/modules/addons/XPIProvider.jsm -> jar:file:///Applications/Firefox.app/Contents/Resources/browser/features/activity-stream@mozilla.org.xpi!/bootstrap.js:169
callBootstrapMethod()@resource://gre/modules/addons/XPIProvider.jsm:4446
observe()@resource://gre/modules/addons/XPIProvider.jsm:2293
GeckoDriver.prototype.quit()@driver.js:3300
despatch()@server.js:293
execute()@server.js:267
onPacket/<()@server.js:242
onPacket()@server.js:241
_onJSONObjectReady/<()@transport.js:500
*** UTM:SVC TimerManager:registerTimer called after profile-before-change notification. Ignoring timer registration for id: telemetry_modules_ping
1554315871310	mozrunner::runner	INFO	Running command: "/Applications/Firefox.app/Contents/MacOS/firefox-bin" "-marionette" "-foreground" "-no-remote" "-profile" "/var/folders/tl/mqtm2r616c7bjwrkp8kbf9wc0000gn/T/rust_mozprofile.A4L3shKz3mIN"
2019-04-03 14:24:32.469 plugin-container[18166:19970108] *** CFMessagePort: bootstrap_register(): failed 1100 (0x44c) 'Permission denied', port = 0x853f, name = 'com.apple.tsm.portname'
See /usr/include/servers/bootstrap_defs.h for the error codes.
2019-04-03 14:24:32.570 plugin-container[18166:19970108] unable to obtain configuration from file:///Library/Preferences/com.apple.ViewBridge.plist due to Error Domain=NSCocoaErrorDomain Code=257 "The file “com.apple.ViewBridge.plist” couldn’t be opened because you don’t have permission to view it." UserInfo={NSFilePath=/Library/Preferences/com.apple.ViewBridge.plist, NSUnderlyingError=0x1158d3c40 {Error Domain=NSPOSIXErrorDomain Code=1 "Operation not permitted"}}
2019-04-03 14:24:32.573 plugin-container[18166:19970110] +[NSXPCSharedListener endpointForReply:withListenerName:]: an error occurred while attempting to obtain endpoint for listener 'ClientCallsAuxiliary': Connection invalid
1554315872836	Marionette	INFO	Listening on port 57559
1554315872847	Marionette	WARN	TLS certificate errors will be ignored for this session
console.log: Accessibility service init or shutdown observer does not exist.
1554315873144	addons.xpi	WARN	Exception running bootstrap method shutdown on activity-stream@mozilla.org: [Exception... "Component returned failure code: 0x80004005 (NS_ERROR_FAILURE) [nsIObserverService.removeObserver]"  nsresult: "0x80004005 (NS_ERROR_FAILURE)"  location: "JS frame :: resource://activity-stream/lib/SnippetsFeed.jsm :: uninit :: line 185"  data: no] Stack trace: uninit()@resource://activity-stream/lib/SnippetsFeed.jsm:185
onAction()@resource://activity-stream/lib/SnippetsFeed.jsm:201
_middleware/</<()@resource://activity-stream/lib/Store.jsm:49
Store/this[method]()@resource://activity-stream/lib/Store.jsm:28
uninit()@resource://activity-stream/lib/Store.jsm:151
uninit()@resource://activity-stream/lib/ActivityStream.jsm:300
uninit()@resource://gre/modules/addons/XPIProvider.jsm -> jar:file:///Applications/Firefox.app/Contents/Resources/browser/features/activity-stream@mozilla.org.xpi!/bootstrap.js:73
shutdown()@resource://gre/modules/addons/XPIProvider.jsm -> jar:file:///Applications/Firefox.app/Contents/Resources/browser/features/activity-stream@mozilla.org.xpi!/bootstrap.js:169
callBootstrapMethod()@resource://gre/modules/addons/XPIProvider.jsm:4446
observe()@resource://gre/modules/addons/XPIProvider.jsm:2293
GeckoDriver.prototype.quit()@driver.js:3300
despatch()@server.js:293
execute()@server.js:267
onPacket/<()@server.js:242
onPacket()@server.js:241
_onJSONObjectReady/<()@transport.js:500
*** UTM:SVC TimerManager:registerTimer called after profile-before-change notification. Ignoring timer registration for id: telemetry_modules_ping
1554315890271	mozrunner::runner	INFO	Running command: "/Applications/Firefox.app/Contents/MacOS/firefox-bin" "-marionette" "-foreground" "-no-remote" "-profile" "/var/folders/tl/mqtm2r616c7bjwrkp8kbf9wc0000gn/T/rust_mozprofile.n2zoGj1lWWqg"
2019-04-03 14:24:51.447 plugin-container[18196:19971272] *** CFMessagePort: bootstrap_register(): failed 1100 (0x44c) 'Permission denied', port = 0x843b, name = 'com.apple.tsm.portname'
See /usr/include/servers/bootstrap_defs.h for the error codes.
2019-04-03 14:24:51.549 plugin-container[18196:19971272] unable to obtain configuration from file:///Library/Preferences/com.apple.ViewBridge.plist due to Error Domain=NSCocoaErrorDomain Code=257 "The file “com.apple.ViewBridge.plist” couldn’t be opened because you don’t have permission to view it." UserInfo={NSFilePath=/Library/Preferences/com.apple.ViewBridge.plist, NSUnderlyingError=0x1076d2ca0 {Error Domain=NSPOSIXErrorDomain Code=1 "Operation not permitted"}}
2019-04-03 14:24:51.551 plugin-container[18196:19971287] +[NSXPCSharedListener endpointForReply:withListenerName:]: an error occurred while attempting to obtain endpoint for listener 'ClientCallsAuxiliary': Connection invalid
1554315891786	Marionette	INFO	Listening on port 57614
1554315891794	Marionette	WARN	TLS certificate errors will be ignored for this session
console.log: Accessibility service init or shutdown observer does not exist.
1554315892103	addons.xpi	WARN	Exception running bootstrap method shutdown on activity-stream@mozilla.org: [Exception... "Component returned failure code: 0x80004005 (NS_ERROR_FAILURE) [nsIObserverService.removeObserver]"  nsresult: "0x80004005 (NS_ERROR_FAILURE)"  location: "JS frame :: resource://activity-stream/lib/SnippetsFeed.jsm :: uninit :: line 185"  data: no] Stack trace: uninit()@resource://activity-stream/lib/SnippetsFeed.jsm:185
onAction()@resource://activity-stream/lib/SnippetsFeed.jsm:201
_middleware/</<()@resource://activity-stream/lib/Store.jsm:49
Store/this[method]()@resource://activity-stream/lib/Store.jsm:28
uninit()@resource://activity-stream/lib/Store.jsm:151
uninit()@resource://activity-stream/lib/ActivityStream.jsm:300
uninit()@resource://gre/modules/addons/XPIProvider.jsm -> jar:file:///Applications/Firefox.app/Contents/Resources/browser/features/activity-stream@mozilla.org.xpi!/bootstrap.js:73
shutdown()@resource://gre/modules/addons/XPIProvider.jsm -> jar:file:///Applications/Firefox.app/Contents/Resources/browser/features/activity-stream@mozilla.org.xpi!/bootstrap.js:169
callBootstrapMethod()@resource://gre/modules/addons/XPIProvider.jsm:4446
observe()@resource://gre/modules/addons/XPIProvider.jsm:2293
GeckoDriver.prototype.quit()@driver.js:3300
despatch()@server.js:293
execute()@server.js:267
onPacket/<()@server.js:242
onPacket()@server.js:241
_onJSONObjectReady/<()@transport.js:500
*** UTM:SVC TimerManager:registerTimer called after profile-before-change notification. Ignoring timer registration for id: telemetry_modules_ping
1554315949326	mozrunner::runner	INFO	Running command: "/Applications/Firefox.app/Contents/MacOS/firefox-bin" "-marionette" "-foreground" "-no-remote" "-profile" "/var/folders/tl/mqtm2r616c7bjwrkp8kbf9wc0000gn/T/rust_mozprofile.sdnBfDY8LYUf"
2019-04-03 14:25:50.493 plugin-container[18290:19974176] *** CFMessagePort: bootstrap_register(): failed 1100 (0x44c) 'Permission denied', port = 0x7907, name = 'com.apple.tsm.portname'
See /usr/include/servers/bootstrap_defs.h for the error codes.
2019-04-03 14:25:50.594 plugin-container[18290:19974176] unable to obtain configuration from file:///Library/Preferences/com.apple.ViewBridge.plist due to Error Domain=NSCocoaErrorDomain Code=257 "The file “com.apple.ViewBridge.plist” couldn’t be opened because you don’t have permission to view it." UserInfo={NSFilePath=/Library/Preferences/com.apple.ViewBridge.plist, NSUnderlyingError=0x1091d2c40 {Error Domain=NSPOSIXErrorDomain Code=1 "Operation not permitted"}}
2019-04-03 14:25:50.596 plugin-container[18290:19974186] +[NSXPCSharedListener endpointForReply:withListenerName:]: an error occurred while attempting to obtain endpoint for listener 'ClientCallsAuxiliary': Connection invalid
1554315950819	Marionette	INFO	Listening on port 57677
1554315950860	Marionette	WARN	TLS certificate errors will be ignored for this session
2019-04-03 14:25:51.424 plugin-container[18293:19974275] *** CFMessagePort: bootstrap_register(): failed 1100 (0x44c) 'Permission denied', port = 0x873b, name = 'com.apple.tsm.portname'
See /usr/include/servers/bootstrap_defs.h for the error codes.
2019-04-03 14:25:51.515 plugin-container[18293:19974275] unable to obtain configuration from file:///Library/Preferences/com.apple.ViewBridge.plist due to Error Domain=NSCocoaErrorDomain Code=257 "The file “com.apple.ViewBridge.plist” couldn’t be opened because you don’t have permission to view it." UserInfo={NSFilePath=/Library/Preferences/com.apple.ViewBridge.plist, NSUnderlyingError=0x1118e1a90 {Error Domain=NSPOSIXErrorDomain Code=1 "Operation not permitted"}}
2019-04-03 14:25:51.517 plugin-container[18293:19974277] +[NSXPCSharedListener endpointForReply:withListenerName:]: an error occurred while attempting to obtain endpoint for listener 'ClientCallsAuxiliary': Connection invalid
console.log: Accessibility service init or shutdown observer does not exist.
*** UTM:SVC TimerManager:registerTimer called after profile-before-change notification. Ignoring timer registration for id: telemetry_modules_ping
1554316109097	mozrunner::runner	INFO	Running command: "/Applications/Firefox.app/Contents/MacOS/firefox-bin" "-marionette" "-foreground" "-no-remote" "-profile" "/var/folders/tl/mqtm2r616c7bjwrkp8kbf9wc0000gn/T/rust_mozprofile.j8dCT3y62Qtq"
2019-04-03 14:28:30.258 plugin-container[18620:19981819] *** CFMessagePort: bootstrap_register(): failed 1100 (0x44c) 'Permission denied', port = 0x7743, name = 'com.apple.tsm.portname'
See /usr/include/servers/bootstrap_defs.h for the error codes.
2019-04-03 14:28:30.357 plugin-container[18620:19981819] unable to obtain configuration from file:///Library/Preferences/com.apple.ViewBridge.plist due to Error Domain=NSCocoaErrorDomain Code=257 "The file “com.apple.ViewBridge.plist” couldn’t be opened because you don’t have permission to view it." UserInfo={NSFilePath=/Library/Preferences/com.apple.ViewBridge.plist, NSUnderlyingError=0x114ad2ca0 {Error Domain=NSPOSIXErrorDomain Code=1 "Operation not permitted"}}
2019-04-03 14:28:30.360 plugin-container[18620:19981822] +[NSXPCSharedListener endpointForReply:withListenerName:]: an error occurred while attempting to obtain endpoint for listener 'ClientCallsAuxiliary': Connection invalid
1554316110585	Marionette	INFO	Listening on port 57777
1554316110665	Marionette	WARN	TLS certificate errors will be ignored for this session
2019-04-03 14:28:31.205 plugin-container[18622:19981939] *** CFMessagePort: bootstrap_register(): failed 1100 (0x44c) 'Permission denied', port = 0x7643, name = 'com.apple.tsm.portname'
See /usr/include/servers/bootstrap_defs.h for the error codes.
2019-04-03 14:28:31.302 plugin-container[18622:19981939] unable to obtain configuration from file:///Library/Preferences/com.apple.ViewBridge.plist due to Error Domain=NSCocoaErrorDomain Code=257 "The file “com.apple.ViewBridge.plist” couldn’t be opened because you don’t have permission to view it." UserInfo={NSFilePath=/Library/Preferences/com.apple.ViewBridge.plist, NSUnderlyingError=0x112de1af0 {Error Domain=NSPOSIXErrorDomain Code=1 "Operation not permitted"}}
2019-04-03 14:28:31.304 plugin-container[18622:19981949] +[NSXPCSharedListener endpointForReply:withListenerName:]: an error occurred while attempting to obtain endpoint for listener 'ClientCallsAuxiliary': Connection invalid
1554316174263	mozrunner::runner	INFO	Running command: "/Applications/Firefox.app/Contents/MacOS/firefox-bin" "-marionette" "-foreground" "-no-remote" "-profile" "/var/folders/tl/mqtm2r616c7bjwrkp8kbf9wc0000gn/T/rust_mozprofile.6fnZx51iAcsH"
2019-04-03 14:29:35.438 plugin-container[18666:19986175] *** CFMessagePort: bootstrap_register(): failed 1100 (0x44c) 'Permission denied', port = 0x7c3b, name = 'com.apple.tsm.portname'
See /usr/include/servers/bootstrap_defs.h for the error codes.
2019-04-03 14:29:35.537 plugin-container[18666:19986175] unable to obtain configuration from file:///Library/Preferences/com.apple.ViewBridge.plist due to Error Domain=NSCocoaErrorDomain Code=257 "The file “com.apple.ViewBridge.plist” couldn’t be opened because you don’t have permission to view it." UserInfo={NSFilePath=/Library/Preferences/com.apple.ViewBridge.plist, NSUnderlyingError=0x10bbd2ca0 {Error Domain=NSPOSIXErrorDomain Code=1 "Operation not permitted"}}
2019-04-03 14:29:35.539 plugin-container[18666:19986176] +[NSXPCSharedListener endpointForReply:withListenerName:]: an error occurred while attempting to obtain endpoint for listener 'ClientCallsAuxiliary': Connection invalid
1554316175764	Marionette	INFO	Listening on port 57858
1554316175800	Marionette	WARN	TLS certificate errors will be ignored for this session
2019-04-03 14:29:36.397 plugin-container[18669:19986279] *** CFMessagePort: bootstrap_register(): failed 1100 (0x44c) 'Permission denied', port = 0x842b, name = 'com.apple.tsm.portname'
See /usr/include/servers/bootstrap_defs.h for the error codes.
2019-04-03 14:29:36.486 plugin-container[18669:19986279] unable to obtain configuration from file:///Library/Preferences/com.apple.ViewBridge.plist due to Error Domain=NSCocoaErrorDomain Code=257 "The file “com.apple.ViewBridge.plist” couldn’t be opened because you don’t have permission to view it." UserInfo={NSFilePath=/Library/Preferences/com.apple.ViewBridge.plist, NSUnderlyingError=0x1103e1a90 {Error Domain=NSPOSIXErrorDomain Code=1 "Operation not permitted"}}
2019-04-03 14:29:36.489 plugin-container[18669:19986280] +[NSXPCSharedListener endpointForReply:withListenerName:]: an error occurred while attempting to obtain endpoint for listener 'ClientCallsAuxiliary': Connection invalid
console.log: Accessibility service init or shutdown observer does not exist.
*** UTM:SVC TimerManager:registerTimer called after profile-before-change notification. Ignoring timer registration for id: telemetry_modules_ping
console.log: Accessibility service init or shutdown observer does not exist.
2019-04-03 14:30:02.213 plugin-container[18686:19988474] *** CFMessagePort: bootstrap_register(): failed 1100 (0x44c) 'Permission denied', port = 0x7607, name = 'com.apple.tsm.portname'
See /usr/include/servers/bootstrap_defs.h for the error codes.
2019-04-03 14:30:02.304 plugin-container[18686:19988474] unable to obtain configuration from file:///Library/Preferences/com.apple.ViewBridge.plist due to Error Domain=NSCocoaErrorDomain Code=257 "The file “com.apple.ViewBridge.plist” couldn’t be opened because you don’t have permission to view it." UserInfo={NSFilePath=/Library/Preferences/com.apple.ViewBridge.plist, NSUnderlyingError=0x1100dec70 {Error Domain=NSPOSIXErrorDomain Code=1 "Operation not permitted"}}
2019-04-03 14:30:02.307 plugin-container[18686:19988491] +[NSXPCSharedListener endpointForReply:withListenerName:]: an error occurred while attempting to obtain endpoint for listener 'ClientCallsAuxiliary': Connection invalid
console.log: Accessibility service init or shutdown observer does not exist.
1554317483341	mozrunner::runner	INFO	Running command: "/Applications/Firefox.app/Contents/MacOS/firefox-bin" "-marionette" "-foreground" "-no-remote" "-profile" "/var/folders/tl/mqtm2r616c7bjwrkp8kbf9wc0000gn/T/rust_mozprofile.a7SDNZ6jtHoH"
2019-04-03 14:51:24.527 plugin-container[19462:20039333] *** CFMessagePort: bootstrap_register(): failed 1100 (0x44c) 'Permission denied', port = 0x7d43, name = 'com.apple.tsm.portname'
See /usr/include/servers/bootstrap_defs.h for the error codes.
2019-04-03 14:51:24.681 plugin-container[19462:20039333] unable to obtain configuration from file:///Library/Preferences/com.apple.ViewBridge.plist due to Error Domain=NSCocoaErrorDomain Code=257 "The file “com.apple.ViewBridge.plist” couldn’t be opened because you don’t have permission to view it." UserInfo={NSFilePath=/Library/Preferences/com.apple.ViewBridge.plist, NSUnderlyingError=0x10dcd2df0 {Error Domain=NSPOSIXErrorDomain Code=1 "Operation not permitted"}}
2019-04-03 14:51:24.683 plugin-container[19462:20039335] +[NSXPCSharedListener endpointForReply:withListenerName:]: an error occurred while attempting to obtain endpoint for listener 'ClientCallsAuxiliary': Connection invalid
1554317484885	Marionette	INFO	Listening on port 58351
1554317484982	Marionette	WARN	TLS certificate errors will be ignored for this session
2019-04-03 14:51:25.459 plugin-container[19465:20039436] *** CFMessagePort: bootstrap_register(): failed 1100 (0x44c) 'Permission denied', port = 0x8543, name = 'com.apple.tsm.portname'
See /usr/include/servers/bootstrap_defs.h for the error codes.
2019-04-03 14:51:25.548 plugin-container[19465:20039436] unable to obtain configuration from file:///Library/Preferences/com.apple.ViewBridge.plist due to Error Domain=NSCocoaErrorDomain Code=257 "The file “com.apple.ViewBridge.plist” couldn’t be opened because you don’t have permission to view it." UserInfo={NSFilePath=/Library/Preferences/com.apple.ViewBridge.plist, NSUnderlyingError=0x1010e1a90 {Error Domain=NSPOSIXErrorDomain Code=1 "Operation not permitted"}}
2019-04-03 14:51:25.550 plugin-container[19465:20039438] +[NSXPCSharedListener endpointForReply:withListenerName:]: an error occurred while attempting to obtain endpoint for listener 'ClientCallsAuxiliary': Connection invalid
1554317647877	mozrunner::runner	INFO	Running command: "/Applications/Firefox.app/Contents/MacOS/firefox-bin" "-marionette" "-foreground" "-no-remote" "-profile" "/var/folders/tl/mqtm2r616c7bjwrkp8kbf9wc0000gn/T/rust_mozprofile.N4XfVE8VYdvO"
2019-04-03 14:54:09.074 plugin-container[19572:20044293] *** CFMessagePort: bootstrap_register(): failed 1100 (0x44c) 'Permission denied', port = 0x883b, name = 'com.apple.tsm.portname'
See /usr/include/servers/bootstrap_defs.h for the error codes.
2019-04-03 14:54:09.174 plugin-container[19572:20044293] unable to obtain configuration from file:///Library/Preferences/com.apple.ViewBridge.plist due to Error Domain=NSCocoaErrorDomain Code=257 "The file “com.apple.ViewBridge.plist” couldn’t be opened because you don’t have permission to view it." UserInfo={NSFilePath=/Library/Preferences/com.apple.ViewBridge.plist, NSUnderlyingError=0x100fd2c40 {Error Domain=NSPOSIXErrorDomain Code=1 "Operation not permitted"}}
2019-04-03 14:54:09.176 plugin-container[19572:20044308] +[NSXPCSharedListener endpointForReply:withListenerName:]: an error occurred while attempting to obtain endpoint for listener 'ClientCallsAuxiliary': Connection invalid
1554317649399	Marionette	INFO	Listening on port 58453
1554317649413	Marionette	WARN	TLS certificate errors will be ignored for this session
2019-04-03 14:54:10.040 plugin-container[19574:20044486] *** CFMessagePort: bootstrap_register(): failed 1100 (0x44c) 'Permission denied', port = 0x8b2f, name = 'com.apple.tsm.portname'
See /usr/include/servers/bootstrap_defs.h for the error codes.
2019-04-03 14:54:10.129 plugin-container[19574:20044486] unable to obtain configuration from file:///Library/Preferences/com.apple.ViewBridge.plist due to Error Domain=NSCocoaErrorDomain Code=257 "The file “com.apple.ViewBridge.plist” couldn’t be opened because you don’t have permission to view it." UserInfo={NSFilePath=/Library/Preferences/com.apple.ViewBridge.plist, NSUnderlyingError=0x1015e1a90 {Error Domain=NSPOSIXErrorDomain Code=1 "Operation not permitted"}}
2019-04-03 14:54:10.131 plugin-container[19574:20044502] +[NSXPCSharedListener endpointForReply:withListenerName:]: an error occurred while attempting to obtain endpoint for listener 'ClientCallsAuxiliary': Connection invalid
1554317691122	mozrunner::runner	INFO	Running command: "/Applications/Firefox.app/Contents/MacOS/firefox-bin" "-marionette" "-foreground" "-no-remote" "-profile" "/var/folders/tl/mqtm2r616c7bjwrkp8kbf9wc0000gn/T/rust_mozprofile.YHCwkCOmjlqb"
2019-04-03 14:54:52.358 plugin-container[19631:20047647] *** CFMessagePort: bootstrap_register(): failed 1100 (0x44c) 'Permission denied', port = 0x783b, name = 'com.apple.tsm.portname'
See /usr/include/servers/bootstrap_defs.h for the error codes.
2019-04-03 14:54:52.458 plugin-container[19631:20047647] unable to obtain configuration from file:///Library/Preferences/com.apple.ViewBridge.plist due to Error Domain=NSCocoaErrorDomain Code=257 "The file “com.apple.ViewBridge.plist” couldn’t be opened because you don’t have permission to view it." UserInfo={NSFilePath=/Library/Preferences/com.apple.ViewBridge.plist, NSUnderlyingError=0x10f8d2c40 {Error Domain=NSPOSIXErrorDomain Code=1 "Operation not permitted"}}
2019-04-03 14:54:52.461 plugin-container[19631:20047649] +[NSXPCSharedListener endpointForReply:withListenerName:]: an error occurred while attempting to obtain endpoint for listener 'ClientCallsAuxiliary': Connection invalid
1554317692683	Marionette	INFO	Listening on port 58526
1554317692769	Marionette	WARN	TLS certificate errors will be ignored for this session
2019-04-03 14:54:53.275 plugin-container[19633:20047750] *** CFMessagePort: bootstrap_register(): failed 1100 (0x44c) 'Permission denied', port = 0x7f07, name = 'com.apple.tsm.portname'
See /usr/include/servers/bootstrap_defs.h for the error codes.
2019-04-03 14:54:53.363 plugin-container[19633:20047750] unable to obtain configuration from file:///Library/Preferences/com.apple.ViewBridge.plist due to Error Domain=NSCocoaErrorDomain Code=257 "The file “com.apple.ViewBridge.plist” couldn’t be opened because you don’t have permission to view it." UserInfo={NSFilePath=/Library/Preferences/com.apple.ViewBridge.plist, NSUnderlyingError=0x10c8e1a90 {Error Domain=NSPOSIXErrorDomain Code=1 "Operation not permitted"}}
2019-04-03 14:54:53.365 plugin-container[19633:20047752] +[NSXPCSharedListener endpointForReply:withListenerName:]: an error occurred while attempting to obtain endpoint for listener 'ClientCallsAuxiliary': Connection invalid
1554317749711	mozrunner::runner	INFO	Running command: "/Applications/Firefox.app/Contents/MacOS/firefox-bin" "-marionette" "-foreground" "-no-remote" "-profile" "/var/folders/tl/mqtm2r616c7bjwrkp8kbf9wc0000gn/T/rust_mozprofile.u7IXw5fpyMJp"
2019-04-03 14:55:50.989 plugin-container[19686:20050007] *** CFMessagePort: bootstrap_register(): failed 1100 (0x44c) 'Permission denied', port = 0x7b3b, name = 'com.apple.tsm.portname'
See /usr/include/servers/bootstrap_defs.h for the error codes.
2019-04-03 14:55:51.092 plugin-container[19686:20050007] unable to obtain configuration from file:///Library/Preferences/com.apple.ViewBridge.plist due to Error Domain=NSCocoaErrorDomain Code=257 "The file “com.apple.ViewBridge.plist” couldn’t be opened because you don’t have permission to view it." UserInfo={NSFilePath=/Library/Preferences/com.apple.ViewBridge.plist, NSUnderlyingError=0x1046d3d00 {Error Domain=NSPOSIXErrorDomain Code=1 "Operation not permitted"}}
2019-04-03 14:55:51.094 plugin-container[19686:20050025] +[NSXPCSharedListener endpointForReply:withListenerName:]: an error occurred while attempting to obtain endpoint for listener 'ClientCallsAuxiliary': Connection invalid
1554317751308	Marionette	INFO	Listening on port 58601
1554317751356	Marionette	WARN	TLS certificate errors will be ignored for this session
2019-04-03 14:55:51.872 plugin-container[19688:20050204] *** CFMessagePort: bootstrap_register(): failed 1100 (0x44c) 'Permission denied', port = 0x8b43, name = 'com.apple.tsm.portname'
See /usr/include/servers/bootstrap_defs.h for the error codes.
2019-04-03 14:55:51.965 plugin-container[19688:20050204] unable to obtain configuration from file:///Library/Preferences/com.apple.ViewBridge.plist due to Error Domain=NSCocoaErrorDomain Code=257 "The file “com.apple.ViewBridge.plist” couldn’t be opened because you don’t have permission to view it." UserInfo={NSFilePath=/Library/Preferences/com.apple.ViewBridge.plist, NSUnderlyingError=0x1050e1af0 {Error Domain=NSPOSIXErrorDomain Code=1 "Operation not permitted"}}
2019-04-03 14:55:51.967 plugin-container[19688:20050209] +[NSXPCSharedListener endpointForReply:withListenerName:]: an error occurred while attempting to obtain endpoint for listener 'ClientCallsAuxiliary': Connection invalid
1554317782341	mozrunner::runner	INFO	Running command: "/Applications/Firefox.app/Contents/MacOS/firefox-bin" "-marionette" "-foreground" "-no-remote" "-profile" "/var/folders/tl/mqtm2r616c7bjwrkp8kbf9wc0000gn/T/rust_mozprofile.QYF5QhaUzMqy"
2019-04-03 14:56:23.647 plugin-container[19723:20052511] *** CFMessagePort: bootstrap_register(): failed 1100 (0x44c) 'Permission denied', port = 0x8007, name = 'com.apple.tsm.portname'
See /usr/include/servers/bootstrap_defs.h for the error codes.
2019-04-03 14:56:23.797 plugin-container[19723:20052511] unable to obtain configuration from file:///Library/Preferences/com.apple.ViewBridge.plist due to Error Domain=NSCocoaErrorDomain Code=257 "The file “com.apple.ViewBridge.plist” couldn’t be opened because you don’t have permission to view it." UserInfo={NSFilePath=/Library/Preferences/com.apple.ViewBridge.plist, NSUnderlyingError=0x10d0d2df0 {Error Domain=NSPOSIXErrorDomain Code=1 "Operation not permitted"}}
2019-04-03 14:56:23.801 plugin-container[19723:20052512] +[NSXPCSharedListener endpointForReply:withListenerName:]: an error occurred while attempting to obtain endpoint for listener 'ClientCallsAuxiliary': Connection invalid
1554317784000	Marionette	INFO	Listening on port 58671
1554317784093	Marionette	WARN	TLS certificate errors will be ignored for this session
2019-04-03 14:56:24.570 plugin-container[19725:20052611] *** CFMessagePort: bootstrap_register(): failed 1100 (0x44c) 'Permission denied', port = 0x7c07, name = 'com.apple.tsm.portname'
See /usr/include/servers/bootstrap_defs.h for the error codes.
2019-04-03 14:56:24.663 plugin-container[19725:20052611] unable to obtain configuration from file:///Library/Preferences/com.apple.ViewBridge.plist due to Error Domain=NSCocoaErrorDomain Code=257 "The file “com.apple.ViewBridge.plist” couldn’t be opened because you don’t have permission to view it." UserInfo={NSFilePath=/Library/Preferences/com.apple.ViewBridge.plist, NSUnderlyingError=0x10e9e1a90 {Error Domain=NSPOSIXErrorDomain Code=1 "Operation not permitted"}}
2019-04-03 14:56:24.665 plugin-container[19725:20052613] +[NSXPCSharedListener endpointForReply:withListenerName:]: an error occurred while attempting to obtain endpoint for listener 'ClientCallsAuxiliary': Connection invalid
1554317796375	mozrunner::runner	INFO	Running command: "/Applications/Firefox.app/Contents/MacOS/firefox-bin" "-marionette" "-foreground" "-no-remote" "-profile" "/var/folders/tl/mqtm2r616c7bjwrkp8kbf9wc0000gn/T/rust_mozprofile.D1KspjhfSfyE"
2019-04-03 14:56:37.683 plugin-container[19740:20052960] *** CFMessagePort: bootstrap_register(): failed 1100 (0x44c) 'Permission denied', port = 0x7c3b, name = 'com.apple.tsm.portname'
See /usr/include/servers/bootstrap_defs.h for the error codes.
2019-04-03 14:56:37.786 plugin-container[19740:20052960] unable to obtain configuration from file:///Library/Preferences/com.apple.ViewBridge.plist due to Error Domain=NSCocoaErrorDomain Code=257 "The file “com.apple.ViewBridge.plist” couldn’t be opened because you don’t have permission to view it." UserInfo={NSFilePath=/Library/Preferences/com.apple.ViewBridge.plist, NSUnderlyingError=0x10dbd3c40 {Error Domain=NSPOSIXErrorDomain Code=1 "Operation not permitted"}}
2019-04-03 14:56:37.788 plugin-container[19740:20052962] +[NSXPCSharedListener endpointForReply:withListenerName:]: an error occurred while attempting to obtain endpoint for listener 'ClientCallsAuxiliary': Connection invalid
1554317798050	Marionette	INFO	Listening on port 58735
1554317798130	Marionette	WARN	TLS certificate errors will be ignored for this session
2019-04-03 14:56:38.563 plugin-container[19741:20053048] *** CFMessagePort: bootstrap_register(): failed 1100 (0x44c) 'Permission denied', port = 0x8007, name = 'com.apple.tsm.portname'
See /usr/include/servers/bootstrap_defs.h for the error codes.
2019-04-03 14:56:38.651 plugin-container[19741:20053048] unable to obtain configuration from file:///Library/Preferences/com.apple.ViewBridge.plist due to Error Domain=NSCocoaErrorDomain Code=257 "The file “com.apple.ViewBridge.plist” couldn’t be opened because you don’t have permission to view it." UserInfo={NSFilePath=/Library/Preferences/com.apple.ViewBridge.plist, NSUnderlyingError=0x1027e1a90 {Error Domain=NSPOSIXErrorDomain Code=1 "Operation not permitted"}}
2019-04-03 14:56:38.653 plugin-container[19741:20053051] +[NSXPCSharedListener endpointForReply:withListenerName:]: an error occurred while attempting to obtain endpoint for listener 'ClientCallsAuxiliary': Connection invalid
1554317813352	mozrunner::runner	INFO	Running command: "/Applications/Firefox.app/Contents/MacOS/firefox-bin" "-marionette" "-foreground" "-no-remote" "-profile" "/var/folders/tl/mqtm2r616c7bjwrkp8kbf9wc0000gn/T/rust_mozprofile.hgkV2XrrKFeJ"
2019-04-03 14:56:54.704 plugin-container[19761:20053417] *** CFMessagePort: bootstrap_register(): failed 1100 (0x44c) 'Permission denied', port = 0x773b, name = 'com.apple.tsm.portname'
See /usr/include/servers/bootstrap_defs.h for the error codes.
2019-04-03 14:56:54.810 plugin-container[19761:20053417] unable to obtain configuration from file:///Library/Preferences/com.apple.ViewBridge.plist due to Error Domain=NSCocoaErrorDomain Code=257 "The file “com.apple.ViewBridge.plist” couldn’t be opened because you don’t have permission to view it." UserInfo={NSFilePath=/Library/Preferences/com.apple.ViewBridge.plist, NSUnderlyingError=0x1017d3c40 {Error Domain=NSPOSIXErrorDomain Code=1 "Operation not permitted"}}
2019-04-03 14:56:54.813 plugin-container[19761:20053418] +[NSXPCSharedListener endpointForReply:withListenerName:]: an error occurred while attempting to obtain endpoint for listener 'ClientCallsAuxiliary': Connection invalid
1554317815081	Marionette	INFO	Listening on port 58801
1554317815107	Marionette	WARN	TLS certificate errors will be ignored for this session
2019-04-03 14:56:55.610 plugin-container[19763:20053526] *** CFMessagePort: bootstrap_register(): failed 1100 (0x44c) 'Permission denied', port = 0x873b, name = 'com.apple.tsm.portname'
See /usr/include/servers/bootstrap_defs.h for the error codes.
2019-04-03 14:56:55.700 plugin-container[19763:20053526] unable to obtain configuration from file:///Library/Preferences/com.apple.ViewBridge.plist due to Error Domain=NSCocoaErrorDomain Code=257 "The file “com.apple.ViewBridge.plist” couldn’t be opened because you don’t have permission to view it." UserInfo={NSFilePath=/Library/Preferences/com.apple.ViewBridge.plist, NSUnderlyingError=0x10c0e2a90 {Error Domain=NSPOSIXErrorDomain Code=1 "Operation not permitted"}}
2019-04-03 14:56:55.702 plugin-container[19763:20053528] +[NSXPCSharedListener endpointForReply:withListenerName:]: an error occurred while attempting to obtain endpoint for listener 'ClientCallsAuxiliary': Connection invalid
console.log: Accessibility service init or shutdown observer does not exist.
*** UTM:SVC TimerManager:registerTimer called after profile-before-change notification. Ignoring timer registration for id: telemetry_modules_ping
console.log: Accessibility service init or shutdown observer does not exist.
*** UTM:SVC TimerManager:registerTimer called after profile-before-change notification. Ignoring timer registration for id: telemetry_modules_ping
console.log: Accessibility service init or shutdown observer does not exist.
console.log: Accessibility service init or shutdown observer does not exist.
console.log: Accessibility service init or shutdown observer does not exist.
console.log: Accessibility service init or shutdown observer does not exist.
console.log: Accessibility service init or shutdown observer does not exist.
1554318078717	mozrunner::runner	INFO	Running command: "/Applications/Firefox.app/Contents/MacOS/firefox-bin" "-marionette" "-foreground" "-no-remote" "-profile" "/var/folders/tl/mqtm2r616c7bjwrkp8kbf9wc0000gn/T/rust_mozprofile.upI7eKN4VNuN"
2019-04-03 15:01:19.915 plugin-container[20024:20072134] *** CFMessagePort: bootstrap_register(): failed 1100 (0x44c) 'Permission denied', port = 0x7b3b, name = 'com.apple.tsm.portname'
See /usr/include/servers/bootstrap_defs.h for the error codes.
2019-04-03 15:01:20.018 plugin-container[20024:20072134] unable to obtain configuration from file:///Library/Preferences/com.apple.ViewBridge.plist due to Error Domain=NSCocoaErrorDomain Code=257 "The file “com.apple.ViewBridge.plist” couldn’t be opened because you don’t have permission to view it." UserInfo={NSFilePath=/Library/Preferences/com.apple.ViewBridge.plist, NSUnderlyingError=0x1101d2c40 {Error Domain=NSPOSIXErrorDomain Code=1 "Operation not permitted"}}
2019-04-03 15:01:20.020 plugin-container[20024:20072139] +[NSXPCSharedListener endpointForReply:withListenerName:]: an error occurred while attempting to obtain endpoint for listener 'ClientCallsAuxiliary': Connection invalid
1554318080239	Marionette	INFO	Listening on port 58935
1554318080265	Marionette	WARN	TLS certificate errors will be ignored for this session
2019-04-03 15:01:20.820 plugin-container[20027:20072331] *** CFMessagePort: bootstrap_register(): failed 1100 (0x44c) 'Permission denied', port = 0x7643, name = 'com.apple.tsm.portname'
See /usr/include/servers/bootstrap_defs.h for the error codes.
2019-04-03 15:01:20.915 plugin-container[20027:20072331] unable to obtain configuration from file:///Library/Preferences/com.apple.ViewBridge.plist due to Error Domain=NSCocoaErrorDomain Code=257 "The file “com.apple.ViewBridge.plist” couldn’t be opened because you don’t have permission to view it." UserInfo={NSFilePath=/Library/Preferences/com.apple.ViewBridge.plist, NSUnderlyingError=0x114ce1a90 {Error Domain=NSPOSIXErrorDomain Code=1 "Operation not permitted"}}
2019-04-03 15:01:20.917 plugin-container[20027:20072336] +[NSXPCSharedListener endpointForReply:withListenerName:]: an error occurred while attempting to obtain endpoint for listener 'ClientCallsAuxiliary': Connection invalid
console.log: Accessibility service init or shutdown observer does not exist.
*** UTM:SVC TimerManager:registerTimer called after profile-before-change notification. Ignoring timer registration for id: telemetry_modules_ping
